  SONARBackEnd.cpp
SONARBackEnd.cpp(44): warning C4305: 'initializing': truncation from 'double' to 'float'
SONARBackEnd.cpp(108): warning C4244: '=': conversion from 'double' to 'float', possible loss of data
SONARBackEnd.cpp(109): warning C4244: '=': conversion from 'double' to 'float', possible loss of data
SONARBackEnd.cpp(111): warning C4244: '=': conversion from 'double' to 'float', possible loss of data
SONARBackEnd.cpp(112): warning C4244: '=': conversion from 'double' to 'float', possible loss of data
SONARBackEnd.cpp(119): warning C4244: '=': conversion from 'double' to 'float', possible loss of data
SONARBackEnd.cpp(120): warning C4244: '=': conversion from 'double' to 'float', possible loss of data
SONARBackEnd.cpp(265): warning C4244: 'initializing': conversion from 'float' to 'std::size_t', possible loss of data
SONARBackEnd.cpp(273): warning C4244: '=': conversion from 'float' to 'short', possible loss of data
SONARBackEnd.cpp(280): warning C4267: 'argument': conversion from 'size_t' to 'ALsizei', possible loss of data
SONARBackEnd.cpp(364): warning C4244: '=': conversion from 'double' to 'float', possible loss of data
SONARBackEnd.cpp(387): warning C4244: 'initializing': conversion from 'double' to 'int', possible loss of data
SONARBackEnd.cpp(392): warning C4244: '=': conversion from 'double' to 'float', possible loss of data
SONARBackEnd.cpp(399): warning C4244: 'argument': conversion from 'double' to 'ALfloat', possible loss of data
SONARBackEnd.cpp(405): warning C4244: '=': conversion from 'double' to 'int64', possible loss of data
SONARBackEnd.cpp(406): warning C4244: '=': conversion from 'double' to 'int64', possible loss of data
SONARBackEnd.cpp(226): warning C4477: 'printf' : format string '%X' requires an argument of type 'unsigned int', but variadic argument 1 has type 'void *'
SONARBackEnd.cpp(226): warning C4313: 'printf': '%X' in format string conflicts with argument 1 of type 'void *'
SONARBackEnd.cpp(246): warning C4101: 'pointdist': unreferenced local variable
SONARBackEnd.cpp(289): warning C4101: 'y': unreferenced local variable
  Generating code
  7 of 208 functions ( 3.4%) were compiled, the rest were copied from previous compilation.
    0 functions were new in current compilation
    2 functions had inline decision re-evaluated but remain unchanged
  Finished generating code
  SONARBackEnd.vcxproj -> C:\SONARmaster\SONARBackEnd\x64\Release\SONARBackEnd.exe
  SONARBackEnd.vcxproj -> C:\SONARmaster\SONARBackEnd\x64\Release\SONARBackEnd.pdb (Full PDB)
