  SONARBackEnd.cpp
f:\seniorproject\masterfolder\sonarmaster\sonarbackend\sonarbackend\sonarbackend.cpp(80): warning C4244: '=': conversion from 'double' to 'float', possible loss of data
f:\seniorproject\masterfolder\sonarmaster\sonarbackend\sonarbackend\sonarbackend.cpp(81): warning C4244: '=': conversion from 'double' to 'float', possible loss of data
f:\seniorproject\masterfolder\sonarmaster\sonarbackend\sonarbackend\sonarbackend.cpp(83): warning C4244: '=': conversion from 'double' to 'float', possible loss of data
f:\seniorproject\masterfolder\sonarmaster\sonarbackend\sonarbackend\sonarbackend.cpp(84): warning C4244: '=': conversion from 'double' to 'float', possible loss of data
f:\seniorproject\masterfolder\sonarmaster\sonarbackend\sonarbackend\sonarbackend.cpp(91): warning C4244: '=': conversion from 'double' to 'float', possible loss of data
f:\seniorproject\masterfolder\sonarmaster\sonarbackend\sonarbackend\sonarbackend.cpp(92): warning C4244: '=': conversion from 'double' to 'float', possible loss of data
f:\seniorproject\masterfolder\sonarmaster\sonarbackend\sonarbackend\sonarbackend.cpp(166): warning C4305: 'initializing': truncation from 'double' to 'float'
f:\seniorproject\masterfolder\sonarmaster\sonarbackend\sonarbackend\sonarbackend.cpp(170): warning C4244: 'initializing': conversion from 'float' to 'std::size_t', possible loss of data
f:\seniorproject\masterfolder\sonarmaster\sonarbackend\sonarbackend\sonarbackend.cpp(178): warning C4244: 'initializing': conversion from 'float' to 'int', possible loss of data
f:\seniorproject\masterfolder\sonarmaster\sonarbackend\sonarbackend\sonarbackend.cpp(179): warning C4244: 'initializing': conversion from 'float' to 'int', possible loss of data
f:\seniorproject\masterfolder\sonarmaster\sonarbackend\sonarbackend\sonarbackend.cpp(184): warning C4244: '=': conversion from 'float' to 'short', possible loss of data
f:\seniorproject\masterfolder\sonarmaster\sonarbackend\sonarbackend\sonarbackend.cpp(189): warning C4267: 'argument': conversion from 'size_t' to 'ALsizei', possible loss of data
f:\seniorproject\masterfolder\sonarmaster\sonarbackend\sonarbackend\sonarbackend.cpp(199): warning C4244: '=': conversion from 'float' to 'short', possible loss of data
f:\seniorproject\masterfolder\sonarmaster\sonarbackend\sonarbackend\sonarbackend.cpp(201): warning C4267: 'argument': conversion from 'size_t' to 'ALsizei', possible loss of data
f:\seniorproject\masterfolder\sonarmaster\sonarbackend\sonarbackend\sonarbackend.cpp(227): warning C4244: '=': conversion from 'double' to 'float', possible loss of data
f:\seniorproject\masterfolder\sonarmaster\sonarbackend\sonarbackend\sonarbackend.cpp(237): warning C4244: 'argument': conversion from 'double' to 'ALfloat', possible loss of data
f:\seniorproject\masterfolder\sonarmaster\sonarbackend\sonarbackend\sonarbackend.cpp(251): warning C4305: 'argument': truncation from 'double' to 'ALfloat'
f:\seniorproject\masterfolder\sonarmaster\sonarbackend\sonarbackend\sonarbackend.cpp(285): warning C4244: 'initializing': conversion from 'double' to 'int', possible loss of data
f:\seniorproject\masterfolder\sonarmaster\sonarbackend\sonarbackend\sonarbackend.cpp(292): warning C4244: 'argument': conversion from 'double' to 'ALfloat', possible loss of data
f:\seniorproject\masterfolder\sonarmaster\sonarbackend\sonarbackend\sonarbackend.cpp(293): warning C4244: 'argument': conversion from 'float' to 'ALint', possible loss of data
f:\seniorproject\masterfolder\sonarmaster\sonarbackend\sonarbackend\sonarbackend.cpp(103): warning C4477: 'printf' : format string '%X' requires an argument of type 'unsigned int', but variadic argument 1 has type 'void *'
f:\seniorproject\masterfolder\sonarmaster\sonarbackend\sonarbackend\sonarbackend.cpp(103): warning C4313: 'printf': '%X' in format string conflicts with argument 1 of type 'void *'
f:\seniorproject\masterfolder\sonarmaster\sonarbackend\sonarbackend\sonarbackend.cpp(150): warning C4101: 'pointdist': unreferenced local variable
f:\seniorproject\masterfolder\sonarmaster\sonarbackend\sonarbackend\sonarbackend.cpp(153): warning C4101: 'zdist': unreferenced local variable
f:\seniorproject\masterfolder\sonarmaster\sonarbackend\sonarbackend\sonarbackend.cpp(154): warning C4101: 'xdist': unreferenced local variable
f:\seniorproject\masterfolder\sonarmaster\sonarbackend\sonarbackend\sonarbackend.cpp(152): warning C4101: 'angle': unreferenced local variable
  SONARBackEnd.vcxproj -> F:\seniorproject\masterfolder\SONARmaster\SONARBackEnd\x64\Debug\SONARBackEnd.exe
  SONARBackEnd.vcxproj -> F:\seniorproject\masterfolder\SONARmaster\SONARBackEnd\x64\Debug\SONARBackEnd.pdb (Full PDB)
