f:\seniorproject\visual studio\blendertodepthmapdll\x64\debug\blendertodepthmapdll.lib
f:\seniorproject\visual studio\blendertodepthmapdll\x64\debug\blendertodepthmapdll.exp
f:\seniorproject\unityprojects\testing\realunitystuff\x64\debug\blendertodepthmapdll.lib
f:\seniorproject\unityprojects\testing\realunitystuff\x64\debug\blendertodepthmapdll.exp
f:\seniorproject\visual studio\blendertodepthmapdll\blendertodepthmapdll\x64\debug\blendertodepthmapdll.pch
f:\seniorproject\visual studio\blendertodepthmapdll\blendertodepthmapdll\x64\debug\vc140.pdb
f:\seniorproject\visual studio\blendertodepthmapdll\blendertodepthmapdll\x64\debug\vc140.idb
f:\seniorproject\visual studio\blendertodepthmapdll\blendertodepthmapdll\x64\debug\stdafx.obj
f:\seniorproject\visual studio\blendertodepthmapdll\blendertodepthmapdll\x64\debug\blendertodepthmapdll.obj
f:\seniorproject\visual studio\blendertodepthmapdll\blendertodepthmapdll\x64\debug\dllmain.obj
f:\seniorproject\visual studio\blendertodepthmapdll\x64\debug\blendertodepthmapdll.ilk
f:\seniorproject\visual studio\blendertodepthmapdll\x64\debug\blendertodepthmapdll.dll
f:\seniorproject\visual studio\blendertodepthmapdll\x64\debug\blendertodepthmapdll.pdb
f:\seniorproject\unityprojects\testing\realunitystuff\x64\debug\blendertodepthmapdll.ilk
f:\seniorproject\unityprojects\testing\realunitystuff\x64\debug\blendertodepthmapdll.dll
f:\seniorproject\unityprojects\testing\realunitystuff\x64\debug\blendertodepthmapdll.pdb
f:\seniorproject\visual studio\blendertodepthmapdll\blendertodepthmapdll\x64\debug\blendert.ce75748e.tlog\blendertodepthmapdll.write.1u.tlog
f:\seniorproject\visual studio\blendertodepthmapdll\blendertodepthmapdll\x64\debug\blendert.ce75748e.tlog\cl.command.1.tlog
f:\seniorproject\visual studio\blendertodepthmapdll\blendertodepthmapdll\x64\debug\blendert.ce75748e.tlog\cl.read.1.tlog
f:\seniorproject\visual studio\blendertodepthmapdll\blendertodepthmapdll\x64\debug\blendert.ce75748e.tlog\cl.write.1.tlog
f:\seniorproject\visual studio\blendertodepthmapdll\blendertodepthmapdll\x64\debug\blendert.ce75748e.tlog\link.command.1.tlog
f:\seniorproject\visual studio\blendertodepthmapdll\blendertodepthmapdll\x64\debug\blendert.ce75748e.tlog\link.read.1.tlog
f:\seniorproject\visual studio\blendertodepthmapdll\blendertodepthmapdll\x64\debug\blendert.ce75748e.tlog\link.write.1.tlog
